▲ Next.js 16.1.6
- Local:         http://localhost:3333
- Network:       http://0.0.0.0:3333

✓ Starting...
✓ Ready in 240ms
▲ Next.js 16.1.6
- Local:         http://localhost:3333
- Network:       http://0.0.0.0:3333

✓ Starting...
✓ Ready in 637ms
[intel] Scan complete: 38 fetched, 38 new, 0 dupes, 0 errors
[intel] Scan complete: 23 fetched, 22 new, 1 dupes, 0 errors
[intel] Scan complete: 19 fetched, 19 new, 0 dupes, 0 errors
[intel] Scan complete: 30 fetched, 30 new, 0 dupes, 0 errors
[intel] Scan complete: 25 fetched, 25 new, 0 dupes, 0 errors
[intel] Scan complete: 29 fetched, 29 new, 0 dupes, 0 errors
[intel] Scan complete: 33 fetched, 33 new, 0 dupes, 0 errors
[intel] Scan complete: 28 fetched, 28 new, 0 dupes, 0 errors
▲ Next.js 16.1.6
- Local:         http://localhost:3333
- Network:       http://0.0.0.0:3333

✓ Starting...
✓ Ready in 238ms
[intel] Scan complete: 18 fetched, 18 new, 0 dupes, 0 errors
[intel] Scan complete: 30 fetched, 30 new, 0 dupes, 0 errors
▲ Next.js 16.1.6
- Local:         http://localhost:3333
- Network:       http://0.0.0.0:3333

✓ Starting...
✓ Ready in 1386ms
[intel] Scan complete: 18 fetched, 18 new, 0 dupes, 0 errors
[intel] Scan complete: 31 fetched, 31 new, 0 dupes, 0 errors
▲ Next.js 16.1.6
- Local:         http://localhost:3333
- Network:       http://0.0.0.0:3333

✓ Starting...
✓ Ready in 538ms
[intel] Scan complete: 21 fetched, 21 new, 0 dupes, 0 errors
[intel] Scan complete: 26 fetched, 26 new, 0 dupes, 0 errors
[intel] Scan complete: 28 fetched, 28 new, 0 dupes, 0 errors
[intel] Scan complete: 14 fetched, 14 new, 0 dupes, 0 errors
[intel] Scan complete: 20 fetched, 20 new, 0 dupes, 0 errors
▲ Next.js 16.1.6
- Local:         http://localhost:3333
- Network:       http://0.0.0.0:3333

✓ Starting...
✓ Ready in 237ms
▲ Next.js 16.1.6
- Local:         http://localhost:3333
- Network:       http://0.0.0.0:3333

✓ Starting...
✓ Ready in 231ms
